# JRE version: Java(TM) SE Runtime Environment (7.0_80-b15) (build 1.7.0_80-b15)
# Java VM: Java HotSpot(TM) 64-Bit Server VM (24.80-b11 mixed mode linux-amd64 compressed oops)
Heap
 PSYoungGen      total 167424K, used 68581K [0x00000000ec100000, 0x00000000fec80000, 0x0000000100000000)
  eden space 71680K, 95% used [0x00000000ec100000,0x00000000f03f95d0,0x00000000f0700000)
  from space 95744K, 0% used [0x00000000f0700000,0x00000000f0700000,0x00000000f6480000)
  to   space 108544K, 0% used [0x00000000f8280000,0x00000000f8280000,0x00000000fec80000)
 ParOldGen       total 211456K, used 211391K [0x00000000c4400000, 0x00000000d1280000, 0x00000000ec100000)
  object space 211456K, 99% used [0x00000000c4400000,0x00000000d126fc88,0x00000000d1280000)
 PSPermGen       total 21504K, used 3348K [0x00000000bf200000, 0x00000000c0700000, 0x00000000c4400000)
  object space 21504K, 15% used [0x00000000bf200000,0x00000000bf5450c0,0x00000000c0700000)
GC Heap History (10 events):
Event: 5.610 GC heap after
Heap after GC invocations=10 (full 2):
 PSYoungGen      total 117760K, used 56804K [0x00000000ec100000, 0x00000000f9680000, 0x0000000100000000)
  eden space 60928K, 0% used [0x00000000ec100000,0x00000000ec100000,0x00000000efc80000)
  from space 56832K, 99% used [0x00000000f4180000,0x00000000f78f92f0,0x00000000f7900000)
  to   space 70656K, 0% used [0x00000000efc80000,0x00000000efc80000,0x00000000f4180000)
 ParOldGen       total 131072K, used 89412K [0x00000000c4400000, 0x00000000cc400000, 0x00000000ec100000)
  object space 131072K, 68% used [0x00000000c4400000,0x00000000c9b511e8,0x00000000cc400000)
 PSPermGen       total 21504K, used 3348K [0x00000000bf200000, 0x00000000c0700000, 0x00000000c4400000)
  object space 21504K, 15% used [0x00000000bf200000,0x00000000bf5450c0,0x00000000c0700000)
}
Event: 5.864 GC heap before
{Heap before GC invocations=11 (full 2):
 PSYoungGen      total 117760K, used 117732K [0x00000000ec100000, 0x00000000f9680000, 0x0000000100000000)
  eden space 60928K, 100% used [0x00000000ec100000,0x00000000efc80000,0x00000000efc80000)
  from space 56832K, 99% used [0x00000000f4180000,0x00000000f78f92f0,0x00000000f7900000)
  to   space 70656K, 0% used [0x00000000efc80000,0x00000000efc80000,0x00000000f4180000)
 ParOldGen       total 131072K, used 89412K [0x00000000c4400000, 0x00000000cc400000, 0x00000000ec100000)
  object space 131072K, 68% used [0x00000000c4400000,0x00000000c9b511e8,0x00000000cc400000)
 PSPermGen       total 21504K, used 3348K [0x00000000bf200000, 0x00000000c0700000, 0x00000000c4400000)
  object space 21504K, 15% used [0x00000000bf200000,0x00000000bf5450c0,0x00000000c0700000)
Event: 6.127 GC heap after
Heap after GC invocations=11 (full 2):
 PSYoungGen      total 131584K, used 70628K [0x00000000ec100000, 0x00000000fbc00000, 0x0000000100000000)
  eden space 60928K, 0% used [0x00000000ec100000,0x00000000ec100000,0x00000000efc80000)
  from space 70656K, 99% used [0x00000000efc80000,0x00000000f41792f0,0x00000000f4180000)
  to   space 89600K, 0% used [0x00000000f6480000,0x00000000f6480000,0x00000000fbc00000)
 ParOldGen       total 131072K, used 106140K [0x00000000c4400000, 0x00000000cc400000, 0x00000000ec100000)
  object space 131072K, 80% used [0x00000000c4400000,0x00000000caba71e8,0x00000000cc400000)
 PSPermGen       total 21504K, used 3348K [0x00000000bf200000, 0x00000000c0700000, 0x00000000c4400000)
  object space 21504K, 15% used [0x00000000bf200000,0x00000000bf5450c0,0x00000000c0700000)
}
Event: 6.127 GC heap before
{Heap before GC invocations=12 (full 3):
 PSYoungGen      total 131584K, used 70628K [0x00000000ec100000, 0x00000000fbc00000, 0x0000000100000000)
  eden space 60928K, 0% used [0x00000000ec100000,0x00000000ec100000,0x00000000efc80000)
  from space 70656K, 99% used [0x00000000efc80000,0x00000000f41792f0,0x00000000f4180000)
  to   space 89600K, 0% used [0x00000000f6480000,0x00000000f6480000,0x00000000fbc00000)
 ParOldGen       total 131072K, used 106140K [0x00000000c4400000, 0x00000000cc400000, 0x00000000ec100000)
  object space 131072K, 80% used [0x00000000c4400000,0x00000000caba71e8,0x00000000cc400000)
 PSPermGen       total 21504K, used 3348K [0x00000000bf200000, 0x00000000c0700000, 0x00000000c4400000)
  object space 21504K, 15% used [0x00000000bf200000,0x00000000bf5450c0,0x00000000c0700000)
Event: 9.960 GC heap after
Heap after GC invocations=12 (full 3):
 PSYoungGen      total 131584K, used 34754K [0x00000000ec100000, 0x00000000fbc00000, 0x0000000100000000)
  eden space 60928K, 0% used [0x00000000ec100000,0x00000000ec100000,0x00000000efc80000)
  from space 70656K, 49% used [0x00000000efc80000,0x00000000f1e70ae0,0x00000000f4180000)
  to   space 89600K, 0% used [0x00000000f6480000,0x00000000f6480000,0x00000000fbc00000)
 ParOldGen       total 211456K, used 131057K [0x00000000c4400000, 0x00000000d1280000, 0x00000000ec100000)
  object space 211456K, 61% used [0x00000000c4400000,0x00000000cc3fc750,0x00000000d1280000)
 PSPermGen       total 21504K, used 3348K [0x00000000bf200000, 0x00000000c0700000, 0x00000000c4400000)
  object space 21504K, 15% used [0x00000000bf200000,0x00000000bf5450c0,0x00000000c0700000)
}
Event: 10.060 GC heap before
{Heap before GC invocations=13 (full 3):
 PSYoungGen      total 131584K, used 95682K [0x00000000ec100000, 0x00000000fbc00000, 0x0000000100000000)
  eden space 60928K, 100% used [0x00000000ec100000,0x00000000efc80000,0x00000000efc80000)
  from space 70656K, 49% used [0x00000000efc80000,0x00000000f1e70ae0,0x00000000f4180000)
  to   space 89600K, 0% used [0x00000000f6480000,0x00000000f6480000,0x00000000fbc00000)
 ParOldGen       total 211456K, used 131057K [0x00000000c4400000, 0x00000000d1280000, 0x00000000ec100000)
  object space 211456K, 61% used [0x00000000c4400000,0x00000000cc3fc750,0x00000000d1280000)
 PSPermGen       total 21504K, used 3348K [0x00000000bf200000, 0x00000000c0700000, 0x00000000c4400000)
  object space 21504K, 15% used [0x00000000bf200000,0x00000000bf5450c0,0x00000000c0700000)
Event: 10.553 GC heap after
Heap after GC invocations=13 (full 3):
 PSYoungGen      total 161280K, used 67287K [0x00000000ec100000, 0x00000000fc500000, 0x0000000100000000)
  eden space 71680K, 0% used [0x00000000ec100000,0x00000000ec100000,0x00000000f0700000)
  from space 89600K, 75% used [0x00000000f6480000,0x00000000fa635c60,0x00000000fbc00000)
  to   space 95744K, 0% used [0x00000000f0700000,0x00000000f0700000,0x00000000f6480000)
 ParOldGen       total 211456K, used 147217K [0x00000000c4400000, 0x00000000d1280000, 0x00000000ec100000)
  object space 211456K, 69% used [0x00000000c4400000,0x00000000cd3c4750,0x00000000d1280000)
 PSPermGen       total 21504K, used 3348K [0x00000000bf200000, 0x00000000c0700000, 0x00000000c4400000)
  object space 21504K, 15% used [0x00000000bf200000,0x00000000bf5450c0,0x00000000c0700000)
}
Event: 10.794 GC heap before
{Heap before GC invocations=14 (full 3):
 PSYoungGen      total 161280K, used 138967K [0x00000000ec100000, 0x00000000fc500000, 0x0000000100000000)
  eden space 71680K, 100% used [0x00000000ec100000,0x00000000f0700000,0x00000000f0700000)
  from space 89600K, 75% used [0x00000000f6480000,0x00000000fa635c60,0x00000000fbc00000)
  to   space 95744K, 0% used [0x00000000f0700000,0x00000000f0700000,0x00000000f6480000)
 ParOldGen       total 211456K, used 147217K [0x00000000c4400000, 0x00000000d1280000, 0x00000000ec100000)
  object space 211456K, 69% used [0x00000000c4400000,0x00000000cd3c4750,0x00000000d1280000)
 PSPermGen       total 21504K, used 3348K [0x00000000bf200000, 0x00000000c0700000, 0x00000000c4400000)
  object space 21504K, 15% used [0x00000000bf200000,0x00000000bf5450c0,0x00000000c0700000)
Event: 11.099 GC heap after
Heap after GC invocations=14 (full 3):
 PSYoungGen      total 167424K, used 95735K [0x00000000ec100000, 0x00000000fec80000, 0x0000000100000000)
  eden space 71680K, 0% used [0x00000000ec100000,0x00000000ec100000,0x00000000f0700000)
  from space 95744K, 99% used [0x00000000f0700000,0x00000000f647dc60,0x00000000f6480000)
  to   space 108544K, 0% used [0x00000000f8280000,0x00000000f8280000,0x00000000fec80000)
 ParOldGen       total 211456K, used 154585K [0x00000000c4400000, 0x00000000d1280000, 0x00000000ec100000)
  object space 211456K, 73% used [0x00000000c4400000,0x00000000cdaf6750,0x00000000d1280000)
 PSPermGen       total 21504K, used 3348K [0x00000000bf200000, 0x00000000c0700000, 0x00000000c4400000)
  object space 21504K, 15% used [0x00000000bf200000,0x00000000bf5450c0,0x00000000c0700000)
}
Event: 11.489 GC heap before
{Heap before GC invocations=15 (full 4):
 PSYoungGen      total 167424K, used 167415K [0x00000000ec100000, 0x00000000fec80000, 0x0000000100000000)
  eden space 71680K, 100% used [0x00000000ec100000,0x00000000f0700000,0x00000000f0700000)
  from space 95744K, 99% used [0x00000000f0700000,0x00000000f647dc60,0x00000000f6480000)
  to   space 108544K, 0% used [0x00000000f8280000,0x00000000f8280000,0x00000000fec80000)
 ParOldGen       total 211456K, used 208668K [0x00000000c4400000, 0x00000000d1280000, 0x00000000ec100000)
  object space 211456K, 98% used [0x00000000c4400000,0x00000000d0fc71d8,0x00000000d1280000)
 PSPermGen       total 21504K, used 3348K [0x00000000bf200000, 0x00000000c0700000, 0x00000000c4400000)
  object space 21504K, 15% used [0x00000000bf200000,0x00000000bf5450c0,0x00000000c0700000)

