# JRE version: Java(TM) SE Runtime Environment (7.0_80-b15) (build 1.7.0_80-b15)
# Java VM: Java HotSpot(TM) 64-Bit Server VM (24.80-b11 mixed mode linux-amd64 compressed oops)
Heap
 PSYoungGen      total 218112K, used 564K [0x00000000ec100000, 0x0000000100000000, 0x0000000100000000)
  eden space 109568K, 0% used [0x00000000ec100000,0x00000000ec100000,0x00000000f2c00000)
  from space 108544K, 0% used [0x00000000f9600000,0x00000000f968d180,0x0000000100000000)
  to   space 108544K, 0% used [0x00000000f2c00000,0x00000000f2c00000,0x00000000f9600000)
 ParOldGen       total 471552K, used 471212K [0x00000000c4400000, 0x00000000e1080000, 0x00000000ec100000)
  object space 471552K, 99% used [0x00000000c4400000,0x00000000e102b218,0x00000000e1080000)
 PSPermGen       total 21504K, used 3348K [0x00000000bf200000, 0x00000000c0700000, 0x00000000c4400000)
  object space 21504K, 15% used [0x00000000bf200000,0x00000000bf5450c0,0x00000000c0700000)
GC Heap History (10 events):
Event: 76.600 GC heap after
Heap after GC invocations=17 (full 4):
 PSYoungGen      total 197632K, used 44672K [0x00000000ec100000, 0x0000000100000000, 0x0000000100000000)
  eden space 89088K, 0% used [0x00000000ec100000,0x00000000ec100000,0x00000000f1800000)
  from space 108544K, 41% used [0x00000000f1800000,0x00000000f43a0000,0x00000000f8200000)
  to   space 108544K, 0% used [0x00000000f9600000,0x00000000f9600000,0x0000000100000000)
 ParOldGen       total 323072K, used 286948K [0x00000000c4400000, 0x00000000d7f80000, 0x00000000ec100000)
  object space 323072K, 88% used [0x00000000c4400000,0x00000000d5c39230,0x00000000d7f80000)
 PSPermGen       total 21504K, used 3348K [0x00000000bf200000, 0x00000000c0700000, 0x00000000c4400000)
  object space 21504K, 15% used [0x00000000bf200000,0x00000000bf5450c0,0x00000000c0700000)
}
Event: 76.600 GC heap before
{Heap before GC invocations=18 (full 5):
 PSYoungGen      total 197632K, used 44672K [0x00000000ec100000, 0x0000000100000000, 0x0000000100000000)
  eden space 89088K, 0% used [0x00000000ec100000,0x00000000ec100000,0x00000000f1800000)
  from space 108544K, 41% used [0x00000000f1800000,0x00000000f43a0000,0x00000000f8200000)
  to   space 108544K, 0% used [0x00000000f9600000,0x00000000f9600000,0x0000000100000000)
 ParOldGen       total 323072K, used 286948K [0x00000000c4400000, 0x00000000d7f80000, 0x00000000ec100000)
  object space 323072K, 88% used [0x00000000c4400000,0x00000000d5c39230,0x00000000d7f80000)
 PSPermGen       total 21504K, used 3348K [0x00000000bf200000, 0x00000000c0700000, 0x00000000c4400000)
  object space 21504K, 15% used [0x00000000bf200000,0x00000000bf5450c0,0x00000000c0700000)
Event: 80.712 GC heap after
Heap after GC invocations=18 (full 5):
 PSYoungGen      total 197632K, used 8282K [0x00000000ec100000, 0x0000000100000000, 0x0000000100000000)
  eden space 89088K, 0% used [0x00000000ec100000,0x00000000ec100000,0x00000000f1800000)
  from space 108544K, 7% used [0x00000000f1800000,0x00000000f2016930,0x00000000f8200000)
  to   space 108544K, 0% used [0x00000000f9600000,0x00000000f9600000,0x0000000100000000)
 ParOldGen       total 459776K, used 322905K [0x00000000c4400000, 0x00000000e0500000, 0x00000000ec100000)
  object space 459776K, 70% used [0x00000000c4400000,0x00000000d7f564c0,0x00000000e0500000)
 PSPermGen       total 21504K, used 3348K [0x00000000bf200000, 0x00000000c0700000, 0x00000000c4400000)
  object space 21504K, 15% used [0x00000000bf200000,0x00000000bf5450c0,0x00000000c0700000)
}
Event: 80.996 GC heap before
{Heap before GC invocations=19 (full 5):
 PSYoungGen      total 197632K, used 97370K [0x00000000ec100000, 0x0000000100000000, 0x0000000100000000)
  eden space 89088K, 100% used [0x00000000ec100000,0x00000000f1800000,0x00000000f1800000)
  from space 108544K, 7% used [0x00000000f1800000,0x00000000f2016930,0x00000000f8200000)
  to   space 108544K, 0% used [0x00000000f9600000,0x00000000f9600000,0x0000000100000000)
 ParOldGen       total 459776K, used 322905K [0x00000000c4400000, 0x00000000e0500000, 0x00000000ec100000)
  object space 459776K, 70% used [0x00000000c4400000,0x00000000d7f564c0,0x00000000e0500000)
 PSPermGen       total 21504K, used 3348K [0x00000000bf200000, 0x00000000c0700000, 0x00000000c4400000)
  object space 21504K, 15% used [0x00000000bf200000,0x00000000bf5450c0,0x00000000c0700000)
Event: 81.419 GC heap after
Heap after GC invocations=19 (full 5):
 PSYoungGen      total 214016K, used 44672K [0x00000000ec100000, 0x00000000ffc00000, 0x0000000100000000)
  eden space 109568K, 0% used [0x00000000ec100000,0x00000000ec100000,0x00000000f2c00000)
  from space 104448K, 42% used [0x00000000f9600000,0x00000000fc1a0000,0x00000000ffc00000)
  to   space 106496K, 0% used [0x00000000f2c00000,0x00000000f2c00000,0x00000000f9400000)
 ParOldGen       total 459776K, used 331225K [0x00000000c4400000, 0x00000000e0500000, 0x00000000ec100000)
  object space 459776K, 72% used [0x00000000c4400000,0x00000000d87764c0,0x00000000e0500000)
 PSPermGen       total 21504K, used 3348K [0x00000000bf200000, 0x00000000c0700000, 0x00000000c4400000)
  object space 21504K, 15% used [0x00000000bf200000,0x00000000bf5450c0,0x00000000c0700000)
}
Event: 81.511 GC heap before
{Heap before GC invocations=20 (full 5):
 PSYoungGen      total 214016K, used 154240K [0x00000000ec100000, 0x00000000ffc00000, 0x0000000100000000)
  eden space 109568K, 100% used [0x00000000ec100000,0x00000000f2c00000,0x00000000f2c00000)
  from space 104448K, 42% used [0x00000000f9600000,0x00000000fc1a0000,0x00000000ffc00000)
  to   space 106496K, 0% used [0x00000000f2c00000,0x00000000f2c00000,0x00000000f9400000)
 ParOldGen       total 459776K, used 331225K [0x00000000c4400000, 0x00000000e0500000, 0x00000000ec100000)
  object space 459776K, 72% used [0x00000000c4400000,0x00000000d87764c0,0x00000000e0500000)
 PSPermGen       total 21504K, used 3348K [0x00000000bf200000, 0x00000000c0700000, 0x00000000c4400000)
  object space 21504K, 15% used [0x00000000bf200000,0x00000000bf5450c0,0x00000000c0700000)
Event: 81.799 GC heap after
Heap after GC invocations=20 (full 5):
 PSYoungGen      total 216064K, used 106467K [0x00000000ec100000, 0x0000000100000000, 0x0000000100000000)
  eden space 109568K, 0% used [0x00000000ec100000,0x00000000ec100000,0x00000000f2c00000)
  from space 106496K, 99% used [0x00000000f2c00000,0x00000000f93f8fc8,0x00000000f9400000)
  to   space 108544K, 0% used [0x00000000f9600000,0x00000000f9600000,0x0000000100000000)
 ParOldGen       total 459776K, used 364817K [0x00000000c4400000, 0x00000000e0500000, 0x00000000ec100000)
  object space 459776K, 79% used [0x00000000c4400000,0x00000000da8444c0,0x00000000e0500000)
 PSPermGen       total 21504K, used 3348K [0x00000000bf200000, 0x00000000c0700000, 0x00000000c4400000)
  object space 21504K, 15% used [0x00000000bf200000,0x00000000bf5450c0,0x00000000c0700000)
}
Event: 82.008 GC heap before
{Heap before GC invocations=21 (full 5):
 PSYoungGen      total 216064K, used 216035K [0x00000000ec100000, 0x0000000100000000, 0x0000000100000000)
  eden space 109568K, 100% used [0x00000000ec100000,0x00000000f2c00000,0x00000000f2c00000)
  from space 106496K, 99% used [0x00000000f2c00000,0x00000000f93f8fc8,0x00000000f9400000)
  to   space 108544K, 0% used [0x00000000f9600000,0x00000000f9600000,0x0000000100000000)
 ParOldGen       total 459776K, used 364817K [0x00000000c4400000, 0x00000000e0500000, 0x00000000ec100000)
  object space 459776K, 79% used [0x00000000c4400000,0x00000000da8444c0,0x00000000e0500000)
 PSPermGen       total 21504K, used 3348K [0x00000000bf200000, 0x00000000c0700000, 0x00000000c4400000)
  object space 21504K, 15% used [0x00000000bf200000,0x00000000bf5450c0,0x00000000c0700000)
Event: 103.140 GC heap after
Heap after GC invocations=21 (full 5):
 PSYoungGen      total 218112K, used 54848K [0x00000000ec100000, 0x0000000100000000, 0x0000000100000000)
  eden space 109568K, 0% used [0x00000000ec100000,0x00000000ec100000,0x00000000f2c00000)
  from space 108544K, 50% used [0x00000000f9600000,0x00000000fcb90000,0x0000000100000000)
  to   space 108544K, 0% used [0x00000000f2c00000,0x00000000f2c00000,0x00000000f9600000)
 ParOldGen       total 471552K, used 471381K [0x00000000c4400000, 0x00000000e1080000, 0x00000000ec100000)
  object space 471552K, 99% used [0x00000000c4400000,0x00000000e1055488,0x00000000e1080000)
 PSPermGen       total 21504K, used 3348K [0x00000000bf200000, 0x00000000c0700000, 0x00000000c4400000)
  object space 21504K, 15% used [0x00000000bf200000,0x00000000bf5450c0,0x00000000c0700000)
}
Event: 103.140 GC heap before
{Heap before GC invocations=22 (full 6):
 PSYoungGen      total 218112K, used 54848K [0x00000000ec100000, 0x0000000100000000, 0x0000000100000000)
  eden space 109568K, 0% used [0x00000000ec100000,0x00000000ec100000,0x00000000f2c00000)
  from space 108544K, 50% used [0x00000000f9600000,0x00000000fcb90000,0x0000000100000000)
  to   space 108544K, 0% used [0x00000000f2c00000,0x00000000f2c00000,0x00000000f9600000)
 ParOldGen       total 471552K, used 471381K [0x00000000c4400000, 0x00000000e1080000, 0x00000000ec100000)
  object space 471552K, 99% used [0x00000000c4400000,0x00000000e1055488,0x00000000e1080000)
 PSPermGen       total 21504K, used 3348K [0x00000000bf200000, 0x00000000c0700000, 0x00000000c4400000)
  object space 21504K, 15% used [0x00000000bf200000,0x00000000bf5450c0,0x00000000c0700000)

